<?xml version="1.0" encoding="UTF-8"?>
<!-- Generated by org.testng.reporters.JUnitXMLReporter -->
<testsuite hostname="Varuns-MacBook-Pro.local" name="Default test" tests="3" failures="0" timestamp="2 Feb 2016 02:37:39 GMT" time="2.91" errors="0">
  <testcase name="getDepartment" time="0.147" classname="gapp.model.dao.DepartmentsDaoTest"/>
  <testcase name="getDepartmentName" time="0.002" classname="gapp.model.dao.DepartmentsDaoTest"/>
  <testcase name="getApplication" time="0.024" classname="gapp.model.dao.UserDaoTest"/>
</testsuite> <!-- Default test -->
